<?xml version='1.0' encoding='UTF-8'?>
<testsuite hostname="DESKTOP-PDR4Q6K" name="io.datumo.recruitment.PairFinderTests" tests="3" errors="0" failures="0" skipped="0" time="0.089" timestamp="2022-07-28T21:14:15">
          <properties>
[...]
</properties>
          <testcase classname="io.datumo.recruitment.PairFinderTests" name="PairFinder.task_algorithm() should return valid list of pair's" time="0.085">
                      
                    </testcase><testcase classname="io.datumo.recruitment.PairFinderTests" name="PairFinder.task_algorithm() should return empty List" time="0.001">
                      
                    </testcase><testcase classname="io.datumo.recruitment.PairFinderTests" name="PairFinder.task_algorithm() should return different output than Mock" time="0.003">
                      
                    </testcase>
          <system-out><![CDATA[]]></system-out>
          <system-err><![CDATA[]]></system-err>
        </testsuite>